Analysis & Synthesis report for Controlador_display_paralelo
Thu Feb 09 11:32:43 2023
Quartus II 64-Bit Version 13.0.1 Build 232 06/12/2013 Service Pack 1 SJ Web Edition


---------------------
; Table of Contents ;
---------------------
  1. Legal Notice
  2. Analysis & Synthesis Summary
  3. Analysis & Synthesis Settings
  4. Parallel Compilation
  5. Analysis & Synthesis Source Files Read
  6. Analysis & Synthesis Resource Usage Summary
  7. Analysis & Synthesis Resource Utilization by Entity
  8. State Machine - |Projeto_cont_disp|Controlador_display_paralelo:cont_disp|mux_display
  9. User-Specified and Inferred Latches
 10. Registers Removed During Synthesis
 11. General Register Statistics
 12. Multiplexer Restructuring Statistics (Restructuring Performed)
 13. Elapsed Time Per Partition
 14. Analysis & Synthesis Messages



----------------
; Legal Notice ;
----------------
Copyright (C) 1991-2013 Altera Corporation
Your use of Altera Corporation's design tools, logic functions 
and other software and tools, and its AMPP partner logic 
functions, and any output files from any of the foregoing 
(including device programming or simulation files), and any 
associated documentation or information are expressly subject 
to the terms and conditions of the Altera Program License 
Subscription Agreement, Altera MegaCore Function License 
Agreement, or other applicable license agreement, including, 
without limitation, that your use is for the sole purpose of 
programming logic devices manufactured by Altera and sold by 
Altera or its authorized distributors.  Please refer to the 
applicable agreement for further details.



+--------------------------------------------------------------------------------------+
; Analysis & Synthesis Summary                                                         ;
+------------------------------------+-------------------------------------------------+
; Analysis & Synthesis Status        ; Successful - Thu Feb 09 11:32:43 2023           ;
; Quartus II 64-Bit Version          ; 13.0.1 Build 232 06/12/2013 SP 1 SJ Web Edition ;
; Revision Name                      ; Controlador_display_paralelo                    ;
; Top-level Entity Name              ; Projeto_cont_disp                               ;
; Family                             ; Cyclone IV E                                    ;
; Total logic elements               ; 218                                             ;
;     Total combinational functions  ; 204                                             ;
;     Dedicated logic registers      ; 135                                             ;
; Total registers                    ; 135                                             ;
; Total pins                         ; 17                                              ;
; Total virtual pins                 ; 0                                               ;
; Total memory bits                  ; 0                                               ;
; Embedded Multiplier 9-bit elements ; 0                                               ;
; Total PLLs                         ; 0                                               ;
+------------------------------------+-------------------------------------------------+


+--------------------------------------------------------------------------------------------------------------------------------+
; Analysis & Synthesis Settings                                                                                                  ;
+----------------------------------------------------------------------------+--------------------+------------------------------+
; Option                                                                     ; Setting            ; Default Value                ;
+----------------------------------------------------------------------------+--------------------+------------------------------+
; Device                                                                     ; EP4CE6E22C8        ;                              ;
; Top-level entity name                                                      ; Projeto_cont_disp  ; Controlador_display_paralelo ;
; Family name                                                                ; Cyclone IV E       ; Cyclone IV GX                ;
; Use smart compilation                                                      ; Off                ; Off                          ;
; Enable parallel Assembler and TimeQuest Timing Analyzer during compilation ; On                 ; On                           ;
; Enable compact report table                                                ; Off                ; Off                          ;
; Restructure Multiplexers                                                   ; Auto               ; Auto                         ;
; Create Debugging Nodes for IP Cores                                        ; Off                ; Off                          ;
; Preserve fewer node names                                                  ; On                 ; On                           ;
; Disable OpenCore Plus hardware evaluation                                  ; Off                ; Off                          ;
; Verilog Version                                                            ; Verilog_2001       ; Verilog_2001                 ;
; VHDL Version                                                               ; VHDL_1993          ; VHDL_1993                    ;
; State Machine Processing                                                   ; Auto               ; Auto                         ;
; Safe State Machine                                                         ; Off                ; Off                          ;
; Extract Verilog State Machines                                             ; On                 ; On                           ;
; Extract VHDL State Machines                                                ; On                 ; On                           ;
; Ignore Verilog initial constructs                                          ; Off                ; Off                          ;
; Iteration limit for constant Verilog loops                                 ; 5000               ; 5000                         ;
; Iteration limit for non-constant Verilog loops                             ; 250                ; 250                          ;
; Add Pass-Through Logic to Inferred RAMs                                    ; On                 ; On                           ;
; Infer RAMs from Raw Logic                                                  ; On                 ; On                           ;
; Parallel Synthesis                                                         ; On                 ; On                           ;
; DSP Block Balancing                                                        ; Auto               ; Auto                         ;
; NOT Gate Push-Back                                                         ; On                 ; On                           ;
; Power-Up Don't Care                                                        ; On                 ; On                           ;
; Remove Redundant Logic Cells                                               ; Off                ; Off                          ;
; Remove Duplicate Registers                                                 ; On                 ; On                           ;
; Ignore CARRY Buffers                                                       ; Off                ; Off                          ;
; Ignore CASCADE Buffers                                                     ; Off                ; Off                          ;
; Ignore GLOBAL Buffers                                                      ; Off                ; Off                          ;
; Ignore ROW GLOBAL Buffers                                                  ; Off                ; Off                          ;
; Ignore LCELL Buffers                                                       ; Off                ; Off                          ;
; Ignore SOFT Buffers                                                        ; On                 ; On                           ;
; Limit AHDL Integers to 32 Bits                                             ; Off                ; Off                          ;
; Optimization Technique                                                     ; Balanced           ; Balanced                     ;
; Carry Chain Length                                                         ; 70                 ; 70                           ;
; Auto Carry Chains                                                          ; On                 ; On                           ;
; Auto Open-Drain Pins                                                       ; On                 ; On                           ;
; Perform WYSIWYG Primitive Resynthesis                                      ; Off                ; Off                          ;
; Auto ROM Replacement                                                       ; On                 ; On                           ;
; Auto RAM Replacement                                                       ; On                 ; On                           ;
; Auto DSP Block Replacement                                                 ; On                 ; On                           ;
; Auto Shift Register Replacement                                            ; Auto               ; Auto                         ;
; Allow Shift Register Merging across Hierarchies                            ; Auto               ; Auto                         ;
; Auto Clock Enable Replacement                                              ; On                 ; On                           ;
; Strict RAM Replacement                                                     ; Off                ; Off                          ;
; Allow Synchronous Control Signals                                          ; On                 ; On                           ;
; Force Use of Synchronous Clear Signals                                     ; Off                ; Off                          ;
; Auto RAM Block Balancing                                                   ; On                 ; On                           ;
; Auto RAM to Logic Cell Conversion                                          ; Off                ; Off                          ;
; Auto Resource Sharing                                                      ; Off                ; Off                          ;
; Allow Any RAM Size For Recognition                                         ; Off                ; Off                          ;
; Allow Any ROM Size For Recognition                                         ; Off                ; Off                          ;
; Allow Any Shift Register Size For Recognition                              ; Off                ; Off                          ;
; Use LogicLock Constraints during Resource Balancing                        ; On                 ; On                           ;
; Ignore translate_off and synthesis_off directives                          ; Off                ; Off                          ;
; Timing-Driven Synthesis                                                    ; On                 ; On                           ;
; Report Parameter Settings                                                  ; On                 ; On                           ;
; Report Source Assignments                                                  ; On                 ; On                           ;
; Report Connectivity Checks                                                 ; On                 ; On                           ;
; Ignore Maximum Fan-Out Assignments                                         ; Off                ; Off                          ;
; Synchronization Register Chain Length                                      ; 2                  ; 2                            ;
; PowerPlay Power Optimization                                               ; Normal compilation ; Normal compilation           ;
; HDL message level                                                          ; Level2             ; Level2                       ;
; Suppress Register Optimization Related Messages                            ; Off                ; Off                          ;
; Number of Removed Registers Reported in Synthesis Report                   ; 5000               ; 5000                         ;
; Number of Swept Nodes Reported in Synthesis Report                         ; 5000               ; 5000                         ;
; Number of Inverted Registers Reported in Synthesis Report                  ; 100                ; 100                          ;
; Clock MUX Protection                                                       ; On                 ; On                           ;
; Auto Gated Clock Conversion                                                ; Off                ; Off                          ;
; Block Design Naming                                                        ; Auto               ; Auto                         ;
; SDC constraint protection                                                  ; Off                ; Off                          ;
; Synthesis Effort                                                           ; Auto               ; Auto                         ;
; Shift Register Replacement - Allow Asynchronous Clear Signal               ; On                 ; On                           ;
; Pre-Mapping Resynthesis Optimization                                       ; Off                ; Off                          ;
; Analysis & Synthesis Message Level                                         ; Medium             ; Medium                       ;
; Disable Register Merging Across Hierarchies                                ; Auto               ; Auto                         ;
; Resource Aware Inference For Block RAM                                     ; On                 ; On                           ;
; Synthesis Seed                                                             ; 1                  ; 1                            ;
+----------------------------------------------------------------------------+--------------------+------------------------------+


Parallel compilation was disabled, but you have multiple processors available. Enable parallel compilation to reduce compilation time.
+-------------------------------------+
; Parallel Compilation                ;
+----------------------------+--------+
; Processors                 ; Number ;
+----------------------------+--------+
; Number detected on machine ; 8      ;
; Maximum allowed            ; 1      ;
+----------------------------+--------+


+-----------------------------------------------------------------------------------------------------------------------------------------------------------+
; Analysis & Synthesis Source Files Read                                                                                                                    ;
+----------------------------------+-----------------+-----------------+--------------------------------------------------------------------------+---------+
; File Name with User-Entered Path ; Used in Netlist ; File Type       ; File Name with Absolute Path                                             ; Library ;
+----------------------------------+-----------------+-----------------+--------------------------------------------------------------------------+---------+
; Projeto_cont_disp.vhd            ; yes             ; User VHDL File  ; F:/Estudos/Controlador_display_paralelo/Projeto_cont_disp.vhd            ;         ;
; Controlador_display_paralelo.vhd ; yes             ; User VHDL File  ; F:/Estudos/Controlador_display_paralelo/Controlador_display_paralelo.vhd ;         ;
; Conv7_seg.vhd                    ; yes             ; User VHDL File  ; F:/Estudos/Controlador_display_paralelo/Conv7_seg.vhd                    ;         ;
+----------------------------------+-----------------+-----------------+--------------------------------------------------------------------------+---------+


+-----------------------------------------------------------+
; Analysis & Synthesis Resource Usage Summary               ;
+---------------------------------------------+-------------+
; Resource                                    ; Usage       ;
+---------------------------------------------+-------------+
; Estimated Total logic elements              ; 218         ;
;                                             ;             ;
; Total combinational functions               ; 204         ;
; Logic element usage by number of LUT inputs ;             ;
;     -- 4 input functions                    ; 55          ;
;     -- 3 input functions                    ; 27          ;
;     -- <=2 input functions                  ; 122         ;
;                                             ;             ;
; Logic elements by mode                      ;             ;
;     -- normal mode                          ; 101         ;
;     -- arithmetic mode                      ; 103         ;
;                                             ;             ;
; Total registers                             ; 135         ;
;     -- Dedicated logic registers            ; 135         ;
;     -- I/O registers                        ; 0           ;
;                                             ;             ;
; I/O pins                                    ; 17          ;
; Embedded Multiplier 9-bit elements          ; 0           ;
; Maximum fan-out node                        ; RESET~input ;
; Maximum fan-out                             ; 109         ;
; Total fan-out                               ; 1068        ;
; Average fan-out                             ; 2.86        ;
+---------------------------------------------+-------------+


+------------------------------------------------------------------------------------------------------------------------------------------------------------------------------------------------------------------------------------------------------------+
; Analysis & Synthesis Resource Utilization by Entity                                                                                                                                                                                                        ;
+---------------------------------------------+-------------------+--------------+-------------+--------------+---------+-----------+------+--------------+-----------------------------------------------------------------------------------+--------------+
; Compilation Hierarchy Node                  ; LC Combinationals ; LC Registers ; Memory Bits ; DSP Elements ; DSP 9x9 ; DSP 18x18 ; Pins ; Virtual Pins ; Full Hierarchy Name                                                               ; Library Name ;
+---------------------------------------------+-------------------+--------------+-------------+--------------+---------+-----------+------+--------------+-----------------------------------------------------------------------------------+--------------+
; |Projeto_cont_disp                          ; 204 (44)          ; 135 (34)     ; 0           ; 0            ; 0       ; 0         ; 17   ; 0            ; |Projeto_cont_disp                                                                ; work         ;
;    |Controlador_display_paralelo:cont_disp| ; 160 (153)         ; 101 (101)    ; 0           ; 0            ; 0       ; 0         ; 0    ; 0            ; |Projeto_cont_disp|Controlador_display_paralelo:cont_disp                         ; work         ;
;       |Conv7_seg:show_display3|             ; 7 (7)             ; 0 (0)        ; 0           ; 0            ; 0       ; 0         ; 0    ; 0            ; |Projeto_cont_disp|Controlador_display_paralelo:cont_disp|Conv7_seg:show_display3 ; work         ;
+---------------------------------------------+-------------------+--------------+-------------+--------------+---------+-----------+------+--------------+-----------------------------------------------------------------------------------+--------------+
Note: For table entries with two numbers listed, the numbers in parentheses indicate the number of resources of the given type used by the specific entity alone. The numbers listed outside of parentheses indicate the total resources of the given type used by the specific entity and all of its sub-entities in the hierarchy.


Encoding Type:  One-Hot
+---------------------------------------------------------------------------------------------------+
; State Machine - |Projeto_cont_disp|Controlador_display_paralelo:cont_disp|mux_display             ;
+-------------------+-------------------+-------------------+-------------------+-------------------+
; Name              ; mux_display.disp4 ; mux_display.disp3 ; mux_display.disp2 ; mux_display.disp1 ;
+-------------------+-------------------+-------------------+-------------------+-------------------+
; mux_display.disp1 ; 0                 ; 0                 ; 0                 ; 0                 ;
; mux_display.disp2 ; 0                 ; 0                 ; 1                 ; 1                 ;
; mux_display.disp3 ; 0                 ; 1                 ; 0                 ; 1                 ;
; mux_display.disp4 ; 1                 ; 0                 ; 0                 ; 1                 ;
+-------------------+-------------------+-------------------+-------------------+-------------------+


+---------------------------------------------------------------------------------------------------------------------------------+
; User-Specified and Inferred Latches                                                                                             ;
+----------------------------------------------------+---------------------------------------------------+------------------------+
; Latch Name                                         ; Latch Enable Signal                               ; Free of Timing Hazards ;
+----------------------------------------------------+---------------------------------------------------+------------------------+
; Controlador_display_paralelo:cont_disp|display[0]  ; Controlador_display_paralelo:cont_disp|display[6] ; yes                    ;
; Controlador_display_paralelo:cont_disp|display[1]  ; Controlador_display_paralelo:cont_disp|display[6] ; yes                    ;
; Controlador_display_paralelo:cont_disp|display[2]  ; Controlador_display_paralelo:cont_disp|display[6] ; yes                    ;
; Controlador_display_paralelo:cont_disp|display[3]  ; Controlador_display_paralelo:cont_disp|display[6] ; yes                    ;
; Controlador_display_paralelo:cont_disp|display[4]  ; Controlador_display_paralelo:cont_disp|display[6] ; yes                    ;
; Controlador_display_paralelo:cont_disp|display[5]  ; Controlador_display_paralelo:cont_disp|display[6] ; yes                    ;
; Controlador_display_paralelo:cont_disp|display[6]  ; Controlador_display_paralelo:cont_disp|display[6] ; yes                    ;
; Number of user-specified and inferred latches = 7  ;                                                   ;                        ;
+----------------------------------------------------+---------------------------------------------------+------------------------+
Note: All latches listed above may not be present at the end of synthesis due to various synthesis optimizations.


+-----------------------------------------------------------------------------------------------------------------+
; Registers Removed During Synthesis                                                                              ;
+---------------------------------------------------+-------------------------------------------------------------+
; Register name                                     ; Reason for Removal                                          ;
+---------------------------------------------------+-------------------------------------------------------------+
; modo_reg[0]                                       ; Merged with local_reg[0]                                    ;
; modo_reg[1]                                       ; Merged with local_reg[1]                                    ;
; local_reg[0]                                      ; Merged with dado_reg[0]                                     ;
; local_reg[1]                                      ; Merged with dado_reg[1]                                     ;
; Controlador_display_paralelo:cont_disp|dado3[0]   ; Stuck at GND due to stuck port data_in                      ;
; Controlador_display_paralelo:cont_disp|modo3[0]   ; Stuck at GND due to stuck port data_in                      ;
; Controlador_display_paralelo:cont_disp|dado1[0,1] ; Stuck at GND due to stuck port data_in                      ;
; Controlador_display_paralelo:cont_disp|modo1[0,1] ; Stuck at GND due to stuck port data_in                      ;
; Controlador_display_paralelo:cont_disp|dado2[1]   ; Stuck at GND due to stuck port data_in                      ;
; Controlador_display_paralelo:cont_disp|modo2[1]   ; Stuck at GND due to stuck port data_in                      ;
; Controlador_display_paralelo:cont_disp|dado1[2,3] ; Lost fanout                                                 ;
; Controlador_display_paralelo:cont_disp|modo3[1]   ; Merged with Controlador_display_paralelo:cont_disp|dado3[1] ;
; Controlador_display_paralelo:cont_disp|dado4[1]   ; Merged with Controlador_display_paralelo:cont_disp|dado4[0] ;
; Controlador_display_paralelo:cont_disp|modo4[0,1] ; Merged with Controlador_display_paralelo:cont_disp|dado4[0] ;
; Controlador_display_paralelo:cont_disp|modo2[0]   ; Merged with Controlador_display_paralelo:cont_disp|dado2[0] ;
; Total Number of Removed Registers = 19            ;                                                             ;
+---------------------------------------------------+-------------------------------------------------------------+


+------------------------------------------------------+
; General Register Statistics                          ;
+----------------------------------------------+-------+
; Statistic                                    ; Value ;
+----------------------------------------------+-------+
; Total registers                              ; 135   ;
; Number of registers using Synchronous Clear  ; 108   ;
; Number of registers using Synchronous Load   ; 0     ;
; Number of registers using Asynchronous Clear ; 107   ;
; Number of registers using Asynchronous Load  ; 0     ;
; Number of registers using Clock Enable       ; 23    ;
; Number of registers using Preset             ; 0     ;
+----------------------------------------------+-------+


+-------------------------------------------------------------------------------------------------------------------------------------------------------------------------------------------+
; Multiplexer Restructuring Statistics (Restructuring Performed)                                                                                                                            ;
+--------------------+-----------+---------------+----------------------+------------------------+------------+-----------------------------------------------------------------------------+
; Multiplexer Inputs ; Bus Width ; Baseline Area ; Area if Restructured ; Saving if Restructured ; Registered ; Example Multiplexer Output                                                  ;
+--------------------+-----------+---------------+----------------------+------------------------+------------+-----------------------------------------------------------------------------+
; 3:1                ; 4 bits    ; 8 LEs         ; 4 LEs                ; 4 LEs                  ; No         ; |Projeto_cont_disp|Controlador_display_paralelo:cont_disp|mux_display.disp2 ;
; 8:1                ; 7 bits    ; 35 LEs        ; 28 LEs               ; 7 LEs                  ; No         ; |Projeto_cont_disp|Controlador_display_paralelo:cont_disp|display[0]        ;
+--------------------+-----------+---------------+----------------------+------------------------+------------+-----------------------------------------------------------------------------+


+-------------------------------+
; Elapsed Time Per Partition    ;
+----------------+--------------+
; Partition Name ; Elapsed Time ;
+----------------+--------------+
; Top            ; 00:00:00     ;
+----------------+--------------+


+-------------------------------+
; Analysis & Synthesis Messages ;
+-------------------------------+
Info: *******************************************************************
Info: Running Quartus II 64-Bit Analysis & Synthesis
    Info: Version 13.0.1 Build 232 06/12/2013 Service Pack 1 SJ Web Edition
    Info: Processing started: Thu Feb 09 11:32:41 2023
Info: Command: quartus_map --read_settings_files=on --write_settings_files=off Controlador_display_paralelo -c Controlador_display_paralelo
Warning (20028): Parallel compilation is not licensed and has been disabled
Info (12021): Found 2 design units, including 1 entities, in source file projeto_cont_disp.vhd
    Info (12022): Found design unit 1: Projeto_cont_disp-hardware
    Info (12023): Found entity 1: Projeto_cont_disp
Info (12021): Found 2 design units, including 1 entities, in source file controlador_display_paralelo.vhd
    Info (12022): Found design unit 1: Controlador_display_paralelo-hardware
    Info (12023): Found entity 1: Controlador_display_paralelo
Info (12021): Found 2 design units, including 1 entities, in source file conv7_seg.vhd
    Info (12022): Found design unit 1: Conv7_seg-hardware
    Info (12023): Found entity 1: Conv7_seg
Info (12127): Elaborating entity "Projeto_cont_disp" for the top level hierarchy
Info (12128): Elaborating entity "Controlador_display_paralelo" for hierarchy "Controlador_display_paralelo:cont_disp"
Info (10041): Inferred latch for "display[0]" at Controlador_display_paralelo.vhd(210)
Info (10041): Inferred latch for "display[1]" at Controlador_display_paralelo.vhd(210)
Info (10041): Inferred latch for "display[2]" at Controlador_display_paralelo.vhd(210)
Info (10041): Inferred latch for "display[3]" at Controlador_display_paralelo.vhd(210)
Info (10041): Inferred latch for "display[4]" at Controlador_display_paralelo.vhd(210)
Info (10041): Inferred latch for "display[5]" at Controlador_display_paralelo.vhd(210)
Info (10041): Inferred latch for "display[6]" at Controlador_display_paralelo.vhd(210)
Info (12128): Elaborating entity "Conv7_seg" for hierarchy "Controlador_display_paralelo:cont_disp|Conv7_seg:show_display1"
Warning (13012): Latch Controlador_display_paralelo:cont_disp|display[0] has unsafe behavior
    Warning (13013): Ports D and ENA on the latch are fed by the same signal Controlador_display_paralelo:cont_disp|enable1
Warning (13012): Latch Controlador_display_paralelo:cont_disp|display[1] has unsafe behavior
    Warning (13013): Ports D and ENA on the latch are fed by the same signal Controlador_display_paralelo:cont_disp|enable1
Warning (13012): Latch Controlador_display_paralelo:cont_disp|display[2] has unsafe behavior
    Warning (13013): Ports D and ENA on the latch are fed by the same signal Controlador_display_paralelo:cont_disp|enable1
Warning (13012): Latch Controlador_display_paralelo:cont_disp|display[3] has unsafe behavior
    Warning (13013): Ports D and ENA on the latch are fed by the same signal Controlador_display_paralelo:cont_disp|enable1
Warning (13012): Latch Controlador_display_paralelo:cont_disp|display[4] has unsafe behavior
    Warning (13013): Ports D and ENA on the latch are fed by the same signal Controlador_display_paralelo:cont_disp|enable1
Warning (13012): Latch Controlador_display_paralelo:cont_disp|display[5] has unsafe behavior
    Warning (13013): Ports D and ENA on the latch are fed by the same signal Controlador_display_paralelo:cont_disp|enable1
Warning (13012): Latch Controlador_display_paralelo:cont_disp|display[6] has unsafe behavior
    Warning (13013): Ports D and ENA on the latch are fed by the same signal Controlador_display_paralelo:cont_disp|enable1
Critical Warning (18061): Ignored Power-Up Level option on the following registers
    Critical Warning (18010): Register Controlador_display_paralelo:cont_disp|enable1 will power up to Low
    Critical Warning (18010): Register Controlador_display_paralelo:cont_disp|enable2 will power up to Low
    Critical Warning (18010): Register Controlador_display_paralelo:cont_disp|enable3 will power up to Low
    Critical Warning (18010): Register Controlador_display_paralelo:cont_disp|enable4 will power up to Low
Info (286030): Timing-Driven Synthesis is running
Info (17049): 2 registers lost all their fanouts during netlist optimizations.
Info (16010): Generating hard_block partition "hard_block:auto_generated_inst"
    Info (16011): Adding 0 node(s), including 0 DDIO, 0 PLL, 0 transceiver and 0 LCELL
Warning (21074): Design contains 3 input pin(s) that do not drive logic
    Warning (15610): No output dependent on input pin "KEY[0]"
    Warning (15610): No output dependent on input pin "KEY[1]"
    Warning (15610): No output dependent on input pin "KEY[2]"
Info (21057): Implemented 235 device resources after synthesis - the final resource count might be different
    Info (21058): Implemented 6 input pins
    Info (21059): Implemented 11 output pins
    Info (21061): Implemented 218 logic cells
Info: Quartus II 64-Bit Analysis & Synthesis was successful. 0 errors, 24 warnings
    Info: Peak virtual memory: 4614 megabytes
    Info: Processing ended: Thu Feb 09 11:32:43 2023
    Info: Elapsed time: 00:00:02
    Info: Total CPU time (on all processors): 00:00:02


