Analysis & Synthesis report for Contador_Decimal_e_hexadecimal
Thu Feb 09 00:00:55 2023
Quartus II 64-Bit Version 13.0.1 Build 232 06/12/2013 Service Pack 1 SJ Web Edition


---------------------
; Table of Contents ;
---------------------
  1. Legal Notice
  2. Analysis & Synthesis Summary
  3. Analysis & Synthesis Settings
  4. Parallel Compilation
  5. Analysis & Synthesis Source Files Read
  6. Analysis & Synthesis Resource Usage Summary
  7. Analysis & Synthesis Resource Utilization by Entity
  8. State Machine - |Contador_Decimal_e_hexadecimal|display_mux
  9. User-Specified and Inferred Latches
 10. Registers Removed During Synthesis
 11. General Register Statistics
 12. Multiplexer Restructuring Statistics (Restructuring Performed)
 13. Port Connectivity Checks: "Conv7_seg:show_disp_dec_dezena"
 14. Elapsed Time Per Partition
 15. Analysis & Synthesis Messages



----------------
; Legal Notice ;
----------------
Copyright (C) 1991-2013 Altera Corporation
Your use of Altera Corporation's design tools, logic functions 
and other software and tools, and its AMPP partner logic 
functions, and any output files from any of the foregoing 
(including device programming or simulation files), and any 
associated documentation or information are expressly subject 
to the terms and conditions of the Altera Program License 
Subscription Agreement, Altera MegaCore Function License 
Agreement, or other applicable license agreement, including, 
without limitation, that your use is for the sole purpose of 
programming logic devices manufactured by Altera and sold by 
Altera or its authorized distributors.  Please refer to the 
applicable agreement for further details.



+--------------------------------------------------------------------------------------+
; Analysis & Synthesis Summary                                                         ;
+------------------------------------+-------------------------------------------------+
; Analysis & Synthesis Status        ; Successful - Thu Feb 09 00:00:55 2023           ;
; Quartus II 64-Bit Version          ; 13.0.1 Build 232 06/12/2013 SP 1 SJ Web Edition ;
; Revision Name                      ; Contador_Decimal_e_hexadecimal                  ;
; Top-level Entity Name              ; Contador_Decimal_e_hexadecimal                  ;
; Family                             ; Cyclone IV E                                    ;
; Total logic elements               ; 155                                             ;
;     Total combinational functions  ; 153                                             ;
;     Dedicated logic registers      ; 71                                              ;
; Total registers                    ; 71                                              ;
; Total pins                         ; 21                                              ;
; Total virtual pins                 ; 0                                               ;
; Total memory bits                  ; 0                                               ;
; Embedded Multiplier 9-bit elements ; 0                                               ;
; Total PLLs                         ; 0                                               ;
+------------------------------------+-------------------------------------------------+


+----------------------------------------------------------------------------------------------------------------------------------------------+
; Analysis & Synthesis Settings                                                                                                                ;
+----------------------------------------------------------------------------+--------------------------------+--------------------------------+
; Option                                                                     ; Setting                        ; Default Value                  ;
+----------------------------------------------------------------------------+--------------------------------+--------------------------------+
; Device                                                                     ; EP4CE6E22C8                    ;                                ;
; Top-level entity name                                                      ; Contador_Decimal_e_hexadecimal ; Contador_Decimal_e_hexadecimal ;
; Family name                                                                ; Cyclone IV E                   ; Cyclone IV GX                  ;
; Use smart compilation                                                      ; Off                            ; Off                            ;
; Enable parallel Assembler and TimeQuest Timing Analyzer during compilation ; On                             ; On                             ;
; Enable compact report table                                                ; Off                            ; Off                            ;
; Restructure Multiplexers                                                   ; Auto                           ; Auto                           ;
; Create Debugging Nodes for IP Cores                                        ; Off                            ; Off                            ;
; Preserve fewer node names                                                  ; On                             ; On                             ;
; Disable OpenCore Plus hardware evaluation                                  ; Off                            ; Off                            ;
; Verilog Version                                                            ; Verilog_2001                   ; Verilog_2001                   ;
; VHDL Version                                                               ; VHDL_1993                      ; VHDL_1993                      ;
; State Machine Processing                                                   ; Auto                           ; Auto                           ;
; Safe State Machine                                                         ; Off                            ; Off                            ;
; Extract Verilog State Machines                                             ; On                             ; On                             ;
; Extract VHDL State Machines                                                ; On                             ; On                             ;
; Ignore Verilog initial constructs                                          ; Off                            ; Off                            ;
; Iteration limit for constant Verilog loops                                 ; 5000                           ; 5000                           ;
; Iteration limit for non-constant Verilog loops                             ; 250                            ; 250                            ;
; Add Pass-Through Logic to Inferred RAMs                                    ; On                             ; On                             ;
; Infer RAMs from Raw Logic                                                  ; On                             ; On                             ;
; Parallel Synthesis                                                         ; On                             ; On                             ;
; DSP Block Balancing                                                        ; Auto                           ; Auto                           ;
; NOT Gate Push-Back                                                         ; On                             ; On                             ;
; Power-Up Don't Care                                                        ; On                             ; On                             ;
; Remove Redundant Logic Cells                                               ; Off                            ; Off                            ;
; Remove Duplicate Registers                                                 ; On                             ; On                             ;
; Ignore CARRY Buffers                                                       ; Off                            ; Off                            ;
; Ignore CASCADE Buffers                                                     ; Off                            ; Off                            ;
; Ignore GLOBAL Buffers                                                      ; Off                            ; Off                            ;
; Ignore ROW GLOBAL Buffers                                                  ; Off                            ; Off                            ;
; Ignore LCELL Buffers                                                       ; Off                            ; Off                            ;
; Ignore SOFT Buffers                                                        ; On                             ; On                             ;
; Limit AHDL Integers to 32 Bits                                             ; Off                            ; Off                            ;
; Optimization Technique                                                     ; Balanced                       ; Balanced                       ;
; Carry Chain Length                                                         ; 70                             ; 70                             ;
; Auto Carry Chains                                                          ; On                             ; On                             ;
; Auto Open-Drain Pins                                                       ; On                             ; On                             ;
; Perform WYSIWYG Primitive Resynthesis                                      ; Off                            ; Off                            ;
; Auto ROM Replacement                                                       ; On                             ; On                             ;
; Auto RAM Replacement                                                       ; On                             ; On                             ;
; Auto DSP Block Replacement                                                 ; On                             ; On                             ;
; Auto Shift Register Replacement                                            ; Auto                           ; Auto                           ;
; Allow Shift Register Merging across Hierarchies                            ; Auto                           ; Auto                           ;
; Auto Clock Enable Replacement                                              ; On                             ; On                             ;
; Strict RAM Replacement                                                     ; Off                            ; Off                            ;
; Allow Synchronous Control Signals                                          ; On                             ; On                             ;
; Force Use of Synchronous Clear Signals                                     ; Off                            ; Off                            ;
; Auto RAM Block Balancing                                                   ; On                             ; On                             ;
; Auto RAM to Logic Cell Conversion                                          ; Off                            ; Off                            ;
; Auto Resource Sharing                                                      ; Off                            ; Off                            ;
; Allow Any RAM Size For Recognition                                         ; Off                            ; Off                            ;
; Allow Any ROM Size For Recognition                                         ; Off                            ; Off                            ;
; Allow Any Shift Register Size For Recognition                              ; Off                            ; Off                            ;
; Use LogicLock Constraints during Resource Balancing                        ; On                             ; On                             ;
; Ignore translate_off and synthesis_off directives                          ; Off                            ; Off                            ;
; Timing-Driven Synthesis                                                    ; On                             ; On                             ;
; Report Parameter Settings                                                  ; On                             ; On                             ;
; Report Source Assignments                                                  ; On                             ; On                             ;
; Report Connectivity Checks                                                 ; On                             ; On                             ;
; Ignore Maximum Fan-Out Assignments                                         ; Off                            ; Off                            ;
; Synchronization Register Chain Length                                      ; 2                              ; 2                              ;
; PowerPlay Power Optimization                                               ; Normal compilation             ; Normal compilation             ;
; HDL message level                                                          ; Level2                         ; Level2                         ;
; Suppress Register Optimization Related Messages                            ; Off                            ; Off                            ;
; Number of Removed Registers Reported in Synthesis Report                   ; 5000                           ; 5000                           ;
; Number of Swept Nodes Reported in Synthesis Report                         ; 5000                           ; 5000                           ;
; Number of Inverted Registers Reported in Synthesis Report                  ; 100                            ; 100                            ;
; Clock MUX Protection                                                       ; On                             ; On                             ;
; Auto Gated Clock Conversion                                                ; Off                            ; Off                            ;
; Block Design Naming                                                        ; Auto                           ; Auto                           ;
; SDC constraint protection                                                  ; Off                            ; Off                            ;
; Synthesis Effort                                                           ; Auto                           ; Auto                           ;
; Shift Register Replacement - Allow Asynchronous Clear Signal               ; On                             ; On                             ;
; Pre-Mapping Resynthesis Optimization                                       ; Off                            ; Off                            ;
; Analysis & Synthesis Message Level                                         ; Medium                         ; Medium                         ;
; Disable Register Merging Across Hierarchies                                ; Auto                           ; Auto                           ;
; Resource Aware Inference For Block RAM                                     ; On                             ; On                             ;
; Synthesis Seed                                                             ; 1                              ; 1                              ;
+----------------------------------------------------------------------------+--------------------------------+--------------------------------+


Parallel compilation was disabled, but you have multiple processors available. Enable parallel compilation to reduce compilation time.
+-------------------------------------+
; Parallel Compilation                ;
+----------------------------+--------+
; Processors                 ; Number ;
+----------------------------+--------+
; Number detected on machine ; 8      ;
; Maximum allowed            ; 1      ;
+----------------------------+--------+


+-----------------------------------------------------------------------------------------------------------------------------------------------------------------+
; Analysis & Synthesis Source Files Read                                                                                                                          ;
+------------------------------------+-----------------+-----------------+------------------------------------------------------------------------------+---------+
; File Name with User-Entered Path   ; Used in Netlist ; File Type       ; File Name with Absolute Path                                                 ; Library ;
+------------------------------------+-----------------+-----------------+------------------------------------------------------------------------------+---------+
; Conv7_seg.vhd                      ; yes             ; User VHDL File  ; F:/Estudos/Contador_Decimal_e_Hexadecimal/Conv7_seg.vhd                      ;         ;
; Contador_Decimal_e_hexadecimal.vhd ; yes             ; User VHDL File  ; F:/Estudos/Contador_Decimal_e_Hexadecimal/Contador_Decimal_e_hexadecimal.vhd ;         ;
+------------------------------------+-----------------+-----------------+------------------------------------------------------------------------------+---------+


+------------------------------------------------------------+
; Analysis & Synthesis Resource Usage Summary                ;
+---------------------------------------------+--------------+
; Resource                                    ; Usage        ;
+---------------------------------------------+--------------+
; Estimated Total logic elements              ; 155          ;
;                                             ;              ;
; Total combinational functions               ; 153          ;
; Logic element usage by number of LUT inputs ;              ;
;     -- 4 input functions                    ; 57           ;
;     -- 3 input functions                    ; 20           ;
;     -- <=2 input functions                  ; 76           ;
;                                             ;              ;
; Logic elements by mode                      ;              ;
;     -- normal mode                          ; 95           ;
;     -- arithmetic mode                      ; 58           ;
;                                             ;              ;
; Total registers                             ; 71           ;
;     -- Dedicated logic registers            ; 71           ;
;     -- I/O registers                        ; 0            ;
;                                             ;              ;
; I/O pins                                    ; 21           ;
; Embedded Multiplier 9-bit elements          ; 0            ;
; Maximum fan-out node                        ; CLK_50~input ;
; Maximum fan-out                             ; 70           ;
; Total fan-out                               ; 744          ;
; Average fan-out                             ; 2.80         ;
+---------------------------------------------+--------------+


+-----------------------------------------------------------------------------------------------------------------------------------------------------------------------------------------------------------------------------------+
; Analysis & Synthesis Resource Utilization by Entity                                                                                                                                                                               ;
+--------------------------------------+-------------------+--------------+-------------+--------------+---------+-----------+------+--------------+-----------------------------------------------------------------+--------------+
; Compilation Hierarchy Node           ; LC Combinationals ; LC Registers ; Memory Bits ; DSP Elements ; DSP 9x9 ; DSP 18x18 ; Pins ; Virtual Pins ; Full Hierarchy Name                                             ; Library Name ;
+--------------------------------------+-------------------+--------------+-------------+--------------+---------+-----------+------+--------------+-----------------------------------------------------------------+--------------+
; |Contador_Decimal_e_hexadecimal      ; 153 (123)         ; 71 (71)      ; 0           ; 0            ; 0       ; 0         ; 21   ; 0            ; |Contador_Decimal_e_hexadecimal                                 ; work         ;
;    |Conv7_seg:show_dispHex|          ; 4 (4)             ; 0 (0)        ; 0           ; 0            ; 0       ; 0         ; 0    ; 0            ; |Contador_Decimal_e_hexadecimal|Conv7_seg:show_dispHex          ; work         ;
;    |Conv7_seg:show_disp_dec_dezena|  ; 1 (1)             ; 0 (0)        ; 0           ; 0            ; 0       ; 0         ; 0    ; 0            ; |Contador_Decimal_e_hexadecimal|Conv7_seg:show_disp_dec_dezena  ; work         ;
;    |Conv7_seg:show_disp_dec_unidade| ; 11 (11)           ; 0 (0)        ; 0           ; 0            ; 0       ; 0         ; 0    ; 0            ; |Contador_Decimal_e_hexadecimal|Conv7_seg:show_disp_dec_unidade ; work         ;
;    |Conv7_seg:show_disp_reverseHex|  ; 14 (14)           ; 0 (0)        ; 0           ; 0            ; 0       ; 0         ; 0    ; 0            ; |Contador_Decimal_e_hexadecimal|Conv7_seg:show_disp_reverseHex  ; work         ;
+--------------------------------------+-------------------+--------------+-------------+--------------+---------+-----------+------+--------------+-----------------------------------------------------------------+--------------+
Note: For table entries with two numbers listed, the numbers in parentheses indicate the number of resources of the given type used by the specific entity alone. The numbers listed outside of parentheses indicate the total resources of the given type used by the specific entity and all of its sub-entities in the hierarchy.


Encoding Type:  One-Hot
+-------------------------------------------------------------------------------+
; State Machine - |Contador_Decimal_e_hexadecimal|display_mux                   ;
+-------------------+-------------------+-------------------+-------------------+
; Name              ; display_mux.disp3 ; display_mux.disp2 ; display_mux.disp1 ;
+-------------------+-------------------+-------------------+-------------------+
; display_mux.disp1 ; 0                 ; 0                 ; 0                 ;
; display_mux.disp2 ; 0                 ; 1                 ; 1                 ;
; display_mux.disp3 ; 1                 ; 0                 ; 1                 ;
+-------------------+-------------------+-------------------+-------------------+


+---------------------------------------------------------------------------------------------------+
; User-Specified and Inferred Latches                                                               ;
+----------------------------------------------------+---------------------+------------------------+
; Latch Name                                         ; Latch Enable Signal ; Free of Timing Hazards ;
+----------------------------------------------------+---------------------+------------------------+
; display[0]                                         ; display[1]          ; yes                    ;
; display[1]                                         ; display[1]          ; yes                    ;
; display[2]                                         ; display[1]          ; yes                    ;
; display[3]                                         ; display[1]          ; yes                    ;
; display[4]                                         ; display[1]          ; yes                    ;
; display[5]                                         ; display[1]          ; yes                    ;
; display[6]                                         ; display[1]          ; yes                    ;
; Number of user-specified and inferred latches = 7  ;                     ;                        ;
+----------------------------------------------------+---------------------+------------------------+
Note: All latches listed above may not be present at the end of synthesis due to various synthesis optimizations.


+---------------------------------------------------------------------+
; Registers Removed During Synthesis                                  ;
+---------------------------------------+-----------------------------+
; Register name                         ; Reason for Removal          ;
+---------------------------------------+-----------------------------+
; dado[3]                               ; Merged with contador_led[3] ;
; dado[2]                               ; Merged with contador_led[2] ;
; dado[1]                               ; Merged with contador_led[1] ;
; dado[0]                               ; Merged with contador_led[0] ;
; Total Number of Removed Registers = 4 ;                             ;
+---------------------------------------+-----------------------------+


+------------------------------------------------------+
; General Register Statistics                          ;
+----------------------------------------------+-------+
; Statistic                                    ; Value ;
+----------------------------------------------+-------+
; Total registers                              ; 71    ;
; Number of registers using Synchronous Clear  ; 60    ;
; Number of registers using Synchronous Load   ; 0     ;
; Number of registers using Asynchronous Clear ; 67    ;
; Number of registers using Asynchronous Load  ; 0     ;
; Number of registers using Clock Enable       ; 5     ;
; Number of registers using Preset             ; 0     ;
+----------------------------------------------+-------+


+-----------------------------------------------------------------------------------------------------------------------------------------------------------------+
; Multiplexer Restructuring Statistics (Restructuring Performed)                                                                                                  ;
+--------------------+-----------+---------------+----------------------+------------------------+------------+---------------------------------------------------+
; Multiplexer Inputs ; Bus Width ; Baseline Area ; Area if Restructured ; Saving if Restructured ; Registered ; Example Multiplexer Output                        ;
+--------------------+-----------+---------------+----------------------+------------------------+------------+---------------------------------------------------+
; 3:1                ; 2 bits    ; 4 LEs         ; 2 LEs                ; 2 LEs                  ; No         ; |Contador_Decimal_e_hexadecimal|display_mux.disp3 ;
; 4:1                ; 3 bits    ; 6 LEs         ; 6 LEs                ; 0 LEs                  ; No         ; |Contador_Decimal_e_hexadecimal|display[2]        ;
; 4:1                ; 4 bits    ; 8 LEs         ; 8 LEs                ; 0 LEs                  ; No         ; |Contador_Decimal_e_hexadecimal|display[4]        ;
+--------------------+-----------+---------------+----------------------+------------------------+------------+---------------------------------------------------+


+------------------------------------------------------------+
; Port Connectivity Checks: "Conv7_seg:show_disp_dec_dezena" ;
+------------+-------+----------+----------------------------+
; Port       ; Type  ; Severity ; Details                    ;
+------------+-------+----------+----------------------------+
; dado[3..1] ; Input ; Info     ; Stuck at GND               ;
+------------+-------+----------+----------------------------+


+-------------------------------+
; Elapsed Time Per Partition    ;
+----------------+--------------+
; Partition Name ; Elapsed Time ;
+----------------+--------------+
; Top            ; 00:00:00     ;
+----------------+--------------+


+-------------------------------+
; Analysis & Synthesis Messages ;
+-------------------------------+
Info: *******************************************************************
Info: Running Quartus II 64-Bit Analysis & Synthesis
    Info: Version 13.0.1 Build 232 06/12/2013 Service Pack 1 SJ Web Edition
    Info: Processing started: Thu Feb 09 00:00:51 2023
Info: Command: quartus_map --read_settings_files=on --write_settings_files=off Contador_Decimal_e_hexadecimal -c Contador_Decimal_e_hexadecimal
Warning (20028): Parallel compilation is not licensed and has been disabled
Info (12021): Found 2 design units, including 1 entities, in source file contador_decimal.vhd
    Info (12022): Found design unit 1: Contador_Decimal-hardware
    Info (12023): Found entity 1: Contador_Decimal
Info (12021): Found 2 design units, including 1 entities, in source file conv7_seg.vhd
    Info (12022): Found design unit 1: Conv7_seg-hardware
    Info (12023): Found entity 1: Conv7_seg
Info (12021): Found 2 design units, including 1 entities, in source file contador_decimal_e_hexadecimal.vhd
    Info (12022): Found design unit 1: Contador_Decimal_e_hexadecimal-hardware
    Info (12023): Found entity 1: Contador_Decimal_e_hexadecimal
Info (12127): Elaborating entity "Contador_Decimal_e_hexadecimal" for the top level hierarchy
Info (10041): Inferred latch for "display[0]" at Contador_Decimal_e_hexadecimal.vhd(163)
Info (10041): Inferred latch for "display[1]" at Contador_Decimal_e_hexadecimal.vhd(163)
Info (10041): Inferred latch for "display[2]" at Contador_Decimal_e_hexadecimal.vhd(163)
Info (10041): Inferred latch for "display[3]" at Contador_Decimal_e_hexadecimal.vhd(163)
Info (10041): Inferred latch for "display[4]" at Contador_Decimal_e_hexadecimal.vhd(163)
Info (10041): Inferred latch for "display[5]" at Contador_Decimal_e_hexadecimal.vhd(163)
Info (10041): Inferred latch for "display[6]" at Contador_Decimal_e_hexadecimal.vhd(163)
Info (12128): Elaborating entity "Conv7_seg" for hierarchy "Conv7_seg:show_disp_dec_unidade"
Warning (13012): Latch display[0] has unsafe behavior
    Warning (13013): Ports D and ENA on the latch are fed by the same signal mode
Warning (13012): Latch display[1] has unsafe behavior
    Warning (13013): Ports D and ENA on the latch are fed by the same signal enable1
Warning (13012): Latch display[2] has unsafe behavior
    Warning (13013): Ports D and ENA on the latch are fed by the same signal enable1
Warning (13012): Latch display[3] has unsafe behavior
    Warning (13013): Ports D and ENA on the latch are fed by the same signal mode
Warning (13012): Latch display[4] has unsafe behavior
    Warning (13013): Ports D and ENA on the latch are fed by the same signal mode
Warning (13012): Latch display[5] has unsafe behavior
    Warning (13013): Ports D and ENA on the latch are fed by the same signal mode
Warning (13012): Latch display[6] has unsafe behavior
    Warning (13013): Ports D and ENA on the latch are fed by the same signal enable1
Warning (13024): Output pins are stuck at VCC or GND
    Warning (13410): Pin "HEX4" is stuck at VCC
Critical Warning (18061): Ignored Power-Up Level option on the following registers
    Critical Warning (18010): Register enable1 will power up to Low
    Critical Warning (18010): Register enable3 will power up to Low
    Critical Warning (18010): Register enable2 will power up to Low
Info (286030): Timing-Driven Synthesis is running
Info (16010): Generating hard_block partition "hard_block:auto_generated_inst"
    Info (16011): Adding 0 node(s), including 0 DDIO, 0 PLL, 0 transceiver and 0 LCELL
Warning (21074): Design contains 3 input pin(s) that do not drive logic
    Warning (15610): No output dependent on input pin "KEY[0]"
    Warning (15610): No output dependent on input pin "KEY[1]"
    Warning (15610): No output dependent on input pin "KEY[2]"
Info (21057): Implemented 176 device resources after synthesis - the final resource count might be different
    Info (21058): Implemented 6 input pins
    Info (21059): Implemented 15 output pins
    Info (21061): Implemented 155 logic cells
Info: Quartus II 64-Bit Analysis & Synthesis was successful. 0 errors, 25 warnings
    Info: Peak virtual memory: 4614 megabytes
    Info: Processing ended: Thu Feb 09 00:00:55 2023
    Info: Elapsed time: 00:00:04
    Info: Total CPU time (on all processors): 00:00:02


